{"/home/laboratoria/proyectos/scl-2018-01-FE-markdown/md-links.js": {"path":"/home/laboratoria/proyectos/scl-2018-01-FE-markdown/md-links.js","statementMap":{"0":{"start":{"line":1,"column":15},"end":{"line":1,"column":32}},"1":{"start":{"line":2,"column":11},"end":{"line":2,"column":24}},"2":{"start":{"line":3,"column":14},"end":{"line":3,"column":35}},"3":{"start":{"line":4,"column":17},"end":{"line":4,"column":32}},"4":{"start":{"line":5,"column":15},"end":{"line":5,"column":28}},"5":{"start":{"line":6,"column":14},"end":{"line":6,"column":16}},"6":{"start":{"line":8,"column":0},"end":{"line":39,"column":2}},"7":{"start":{"line":9,"column":2},"end":{"line":38,"column":5}},"8":{"start":{"line":10,"column":4},"end":{"line":10,"column":57}},"9":{"start":{"line":10,"column":15},"end":{"line":10,"column":57}},"10":{"start":{"line":11,"column":4},"end":{"line":11,"column":34}},"11":{"start":{"line":12,"column":4},"end":{"line":15,"column":5}},"12":{"start":{"line":13,"column":6},"end":{"line":13,"column":44}},"13":{"start":{"line":13,"column":28},"end":{"line":13,"column":44}},"14":{"start":{"line":14,"column":6},"end":{"line":14,"column":55}},"15":{"start":{"line":14,"column":25},"end":{"line":14,"column":55}},"16":{"start":{"line":16,"column":26},"end":{"line":16,"column":65}},"17":{"start":{"line":17,"column":4},"end":{"line":37,"column":5}},"18":{"start":{"line":18,"column":6},"end":{"line":21,"column":25}},"19":{"start":{"line":19,"column":8},"end":{"line":20,"column":37}},"20":{"start":{"line":19,"column":51},"end":{"line":19,"column":68}},"21":{"start":{"line":20,"column":24},"end":{"line":20,"column":35}},"22":{"start":{"line":21,"column":13},"end":{"line":21,"column":25}},"23":{"start":{"line":22,"column":11},"end":{"line":37,"column":5}},"24":{"start":{"line":24,"column":6},"end":{"line":28,"column":7}},"25":{"start":{"line":25,"column":8},"end":{"line":25,"column":45}},"26":{"start":{"line":27,"column":8},"end":{"line":27,"column":20}},"27":{"start":{"line":29,"column":21},"end":{"line":29,"column":23}},"28":{"start":{"line":30,"column":6},"end":{"line":33,"column":9}},"29":{"start":{"line":31,"column":8},"end":{"line":32,"column":38}},"30":{"start":{"line":31,"column":74},"end":{"line":31,"column":82}},"31":{"start":{"line":32,"column":24},"end":{"line":32,"column":35}},"32":{"start":{"line":34,"column":6},"end":{"line":34,"column":106}},"33":{"start":{"line":34,"column":43},"end":{"line":34,"column":104}},"34":{"start":{"line":34,"column":83},"end":{"line":34,"column":102}},"35":{"start":{"line":36,"column":6},"end":{"line":36,"column":18}},"36":{"start":{"line":40,"column":0},"end":{"line":58,"column":2}},"37":{"start":{"line":41,"column":2},"end":{"line":57,"column":5}},"38":{"start":{"line":43,"column":4},"end":{"line":47,"column":5}},"39":{"start":{"line":44,"column":6},"end":{"line":44,"column":55}},"40":{"start":{"line":46,"column":6},"end":{"line":46,"column":18}},"41":{"start":{"line":48,"column":16},"end":{"line":48,"column":108}},"42":{"start":{"line":48,"column":36},"end":{"line":48,"column":107}},"43":{"start":{"line":49,"column":4},"end":{"line":49,"column":58}},"44":{"start":{"line":49,"column":36},"end":{"line":49,"column":56}},"45":{"start":{"line":50,"column":4},"end":{"line":50,"column":88}},"46":{"start":{"line":50,"column":28},"end":{"line":50,"column":88}},"47":{"start":{"line":50,"column":67},"end":{"line":50,"column":86}},"48":{"start":{"line":51,"column":4},"end":{"line":56,"column":26}},"49":{"start":{"line":52,"column":6},"end":{"line":55,"column":9}},"50":{"start":{"line":53,"column":8},"end":{"line":54,"column":29}},"51":{"start":{"line":53,"column":19},"end":{"line":53,"column":50}},"52":{"start":{"line":54,"column":13},"end":{"line":54,"column":29}},"53":{"start":{"line":56,"column":11},"end":{"line":56,"column":26}},"54":{"start":{"line":59,"column":0},"end":{"line":79,"column":2}},"55":{"start":{"line":60,"column":2},"end":{"line":78,"column":5}},"56":{"start":{"line":61,"column":19},"end":{"line":61,"column":21}},"57":{"start":{"line":62,"column":4},"end":{"line":74,"column":7}},"58":{"start":{"line":63,"column":6},"end":{"line":73,"column":8}},"59":{"start":{"line":65,"column":10},"end":{"line":65,"column":35}},"60":{"start":{"line":66,"column":10},"end":{"line":66,"column":35}},"61":{"start":{"line":67,"column":10},"end":{"line":67,"column":22}},"62":{"start":{"line":69,"column":10},"end":{"line":69,"column":31}},"63":{"start":{"line":70,"column":10},"end":{"line":70,"column":27}},"64":{"start":{"line":71,"column":10},"end":{"line":71,"column":22}},"65":{"start":{"line":75,"column":4},"end":{"line":77,"column":7}},"66":{"start":{"line":76,"column":6},"end":{"line":76,"column":22}},"67":{"start":{"line":80,"column":0},"end":{"line":88,"column":2}},"68":{"start":{"line":81,"column":2},"end":{"line":87,"column":3}},"69":{"start":{"line":82,"column":16},"end":{"line":82,"column":33}},"70":{"start":{"line":83,"column":4},"end":{"line":84,"column":55}},"71":{"start":{"line":83,"column":24},"end":{"line":83,"column":40}},"72":{"start":{"line":84,"column":9},"end":{"line":84,"column":55}},"73":{"start":{"line":84,"column":34},"end":{"line":84,"column":55}},"74":{"start":{"line":86,"column":4},"end":{"line":86,"column":46}},"75":{"start":{"line":90,"column":0},"end":{"line":93,"column":2}},"76":{"start":{"line":91,"column":25},"end":{"line":91,"column":35}},"77":{"start":{"line":92,"column":2},"end":{"line":92,"column":62}},"78":{"start":{"line":94,"column":0},"end":{"line":99,"column":2}},"79":{"start":{"line":95,"column":2},"end":{"line":98,"column":5}},"80":{"start":{"line":96,"column":29},"end":{"line":96,"column":45}},"81":{"start":{"line":97,"column":32},"end":{"line":97,"column":50}},"82":{"start":{"line":100,"column":0},"end":{"line":130,"column":2}},"83":{"start":{"line":101,"column":16},"end":{"line":101,"column":18}},"84":{"start":{"line":102,"column":19},"end":{"line":102,"column":40}},"85":{"start":{"line":103,"column":35},"end":{"line":103,"column":286}},"86":{"start":{"line":105,"column":2},"end":{"line":105,"column":66}},"87":{"start":{"line":106,"column":2},"end":{"line":106,"column":63}},"88":{"start":{"line":107,"column":2},"end":{"line":107,"column":66}},"89":{"start":{"line":109,"column":2},"end":{"line":116,"column":4}},"90":{"start":{"line":110,"column":4},"end":{"line":115,"column":7}},"91":{"start":{"line":117,"column":2},"end":{"line":126,"column":4}},"92":{"start":{"line":119,"column":4},"end":{"line":119,"column":46}},"93":{"start":{"line":120,"column":4},"end":{"line":125,"column":7}},"94":{"start":{"line":127,"column":2},"end":{"line":127,"column":43}},"95":{"start":{"line":129,"column":2},"end":{"line":129,"column":15}},"96":{"start":{"line":131,"column":0},"end":{"line":131,"column":25}}},"fnMap":{"0":{"name":"(anonymous_0)","decl":{"start":{"line":8,"column":18},"end":{"line":8,"column":19}},"loc":{"start":{"line":8,"column":37},"end":{"line":39,"column":1}},"line":8},"1":{"name":"(anonymous_1)","decl":{"start":{"line":9,"column":21},"end":{"line":9,"column":22}},"loc":{"start":{"line":9,"column":42},"end":{"line":38,"column":3}},"line":9},"2":{"name":"(anonymous_2)","decl":{"start":{"line":19,"column":39},"end":{"line":19,"column":40}},"loc":{"start":{"line":19,"column":51},"end":{"line":19,"column":68}},"line":19},"3":{"name":"(anonymous_3)","decl":{"start":{"line":20,"column":17},"end":{"line":20,"column":18}},"loc":{"start":{"line":20,"column":24},"end":{"line":20,"column":35}},"line":20},"4":{"name":"(anonymous_4)","decl":{"start":{"line":30,"column":20},"end":{"line":30,"column":21}},"loc":{"start":{"line":30,"column":28},"end":{"line":33,"column":7}},"line":30},"5":{"name":"(anonymous_5)","decl":{"start":{"line":31,"column":62},"end":{"line":31,"column":63}},"loc":{"start":{"line":31,"column":74},"end":{"line":31,"column":82}},"line":31},"6":{"name":"(anonymous_6)","decl":{"start":{"line":32,"column":17},"end":{"line":32,"column":18}},"loc":{"start":{"line":32,"column":24},"end":{"line":32,"column":35}},"line":32},"7":{"name":"(anonymous_7)","decl":{"start":{"line":34,"column":33},"end":{"line":34,"column":34}},"loc":{"start":{"line":34,"column":43},"end":{"line":34,"column":104}},"line":34},"8":{"name":"(anonymous_8)","decl":{"start":{"line":34,"column":65},"end":{"line":34,"column":66}},"loc":{"start":{"line":34,"column":83},"end":{"line":34,"column":102}},"line":34},"9":{"name":"(anonymous_9)","decl":{"start":{"line":40,"column":22},"end":{"line":40,"column":23}},"loc":{"start":{"line":40,"column":32},"end":{"line":58,"column":1}},"line":40},"10":{"name":"(anonymous_10)","decl":{"start":{"line":41,"column":21},"end":{"line":41,"column":22}},"loc":{"start":{"line":41,"column":42},"end":{"line":57,"column":3}},"line":41},"11":{"name":"(anonymous_11)","decl":{"start":{"line":48,"column":25},"end":{"line":48,"column":26}},"loc":{"start":{"line":48,"column":36},"end":{"line":48,"column":107}},"line":48},"12":{"name":"(anonymous_12)","decl":{"start":{"line":49,"column":25},"end":{"line":49,"column":26}},"loc":{"start":{"line":49,"column":36},"end":{"line":49,"column":56}},"line":49},"13":{"name":"(anonymous_13)","decl":{"start":{"line":50,"column":49},"end":{"line":50,"column":50}},"loc":{"start":{"line":50,"column":67},"end":{"line":50,"column":86}},"line":50},"14":{"name":"(anonymous_14)","decl":{"start":{"line":52,"column":38},"end":{"line":52,"column":39}},"loc":{"start":{"line":52,"column":49},"end":{"line":55,"column":7}},"line":52},"15":{"name":"(anonymous_15)","decl":{"start":{"line":59,"column":22},"end":{"line":59,"column":23}},"loc":{"start":{"line":59,"column":32},"end":{"line":79,"column":1}},"line":59},"16":{"name":"(anonymous_16)","decl":{"start":{"line":60,"column":21},"end":{"line":60,"column":22}},"loc":{"start":{"line":60,"column":42},"end":{"line":78,"column":3}},"line":60},"17":{"name":"(anonymous_17)","decl":{"start":{"line":62,"column":18},"end":{"line":62,"column":19}},"loc":{"start":{"line":62,"column":26},"end":{"line":74,"column":5}},"line":62},"18":{"name":"(anonymous_18)","decl":{"start":{"line":64,"column":14},"end":{"line":64,"column":15}},"loc":{"start":{"line":64,"column":21},"end":{"line":68,"column":9}},"line":64},"19":{"name":"(anonymous_19)","decl":{"start":{"line":68,"column":17},"end":{"line":68,"column":18}},"loc":{"start":{"line":68,"column":23},"end":{"line":72,"column":9}},"line":68},"20":{"name":"(anonymous_20)","decl":{"start":{"line":75,"column":31},"end":{"line":75,"column":32}},"loc":{"start":{"line":75,"column":43},"end":{"line":77,"column":5}},"line":75},"21":{"name":"(anonymous_21)","decl":{"start":{"line":80,"column":36},"end":{"line":80,"column":37}},"loc":{"start":{"line":80,"column":46},"end":{"line":88,"column":1}},"line":80},"22":{"name":"(anonymous_22)","decl":{"start":{"line":90,"column":29},"end":{"line":90,"column":30}},"loc":{"start":{"line":90,"column":39},"end":{"line":93,"column":1}},"line":90},"23":{"name":"(anonymous_23)","decl":{"start":{"line":94,"column":16},"end":{"line":94,"column":17}},"loc":{"start":{"line":94,"column":25},"end":{"line":99,"column":1}},"line":94},"24":{"name":"(anonymous_24)","decl":{"start":{"line":96,"column":21},"end":{"line":96,"column":22}},"loc":{"start":{"line":96,"column":29},"end":{"line":96,"column":45}},"line":96},"25":{"name":"(anonymous_25)","decl":{"start":{"line":97,"column":24},"end":{"line":97,"column":25}},"loc":{"start":{"line":97,"column":32},"end":{"line":97,"column":50}},"line":97},"26":{"name":"(anonymous_26)","decl":{"start":{"line":100,"column":32},"end":{"line":100,"column":33}},"loc":{"start":{"line":100,"column":58},"end":{"line":130,"column":1}},"line":100},"27":{"name":"(anonymous_27)","decl":{"start":{"line":109,"column":18},"end":{"line":109,"column":19}},"loc":{"start":{"line":109,"column":46},"end":{"line":116,"column":3}},"line":109},"28":{"name":"(anonymous_28)","decl":{"start":{"line":117,"column":19},"end":{"line":117,"column":20}},"loc":{"start":{"line":117,"column":47},"end":{"line":126,"column":3}},"line":117}},"branchMap":{"0":{"loc":{"start":{"line":10,"column":4},"end":{"line":10,"column":57}},"type":"if","locations":[{"start":{"line":10,"column":4},"end":{"line":10,"column":57}},{"start":{"line":10,"column":4},"end":{"line":10,"column":57}}],"line":10},"1":{"loc":{"start":{"line":12,"column":4},"end":{"line":15,"column":5}},"type":"if","locations":[{"start":{"line":12,"column":4},"end":{"line":15,"column":5}},{"start":{"line":12,"column":4},"end":{"line":15,"column":5}}],"line":12},"2":{"loc":{"start":{"line":13,"column":6},"end":{"line":13,"column":44}},"type":"if","locations":[{"start":{"line":13,"column":6},"end":{"line":13,"column":44}},{"start":{"line":13,"column":6},"end":{"line":13,"column":44}}],"line":13},"3":{"loc":{"start":{"line":14,"column":6},"end":{"line":14,"column":55}},"type":"if","locations":[{"start":{"line":14,"column":6},"end":{"line":14,"column":55}},{"start":{"line":14,"column":6},"end":{"line":14,"column":55}}],"line":14},"4":{"loc":{"start":{"line":17,"column":4},"end":{"line":37,"column":5}},"type":"if","locations":[{"start":{"line":17,"column":4},"end":{"line":37,"column":5}},{"start":{"line":17,"column":4},"end":{"line":37,"column":5}}],"line":17},"5":{"loc":{"start":{"line":18,"column":6},"end":{"line":21,"column":25}},"type":"if","locations":[{"start":{"line":18,"column":6},"end":{"line":21,"column":25}},{"start":{"line":18,"column":6},"end":{"line":21,"column":25}}],"line":18},"6":{"loc":{"start":{"line":22,"column":11},"end":{"line":37,"column":5}},"type":"if","locations":[{"start":{"line":22,"column":11},"end":{"line":37,"column":5}},{"start":{"line":22,"column":11},"end":{"line":37,"column":5}}],"line":22},"7":{"loc":{"start":{"line":50,"column":4},"end":{"line":50,"column":88}},"type":"if","locations":[{"start":{"line":50,"column":4},"end":{"line":50,"column":88}},{"start":{"line":50,"column":4},"end":{"line":50,"column":88}}],"line":50},"8":{"loc":{"start":{"line":51,"column":4},"end":{"line":56,"column":26}},"type":"if","locations":[{"start":{"line":51,"column":4},"end":{"line":56,"column":26}},{"start":{"line":51,"column":4},"end":{"line":56,"column":26}}],"line":51},"9":{"loc":{"start":{"line":53,"column":8},"end":{"line":54,"column":29}},"type":"if","locations":[{"start":{"line":53,"column":8},"end":{"line":54,"column":29}},{"start":{"line":53,"column":8},"end":{"line":54,"column":29}}],"line":53},"10":{"loc":{"start":{"line":83,"column":4},"end":{"line":84,"column":55}},"type":"if","locations":[{"start":{"line":83,"column":4},"end":{"line":84,"column":55}},{"start":{"line":83,"column":4},"end":{"line":84,"column":55}}],"line":83},"11":{"loc":{"start":{"line":84,"column":9},"end":{"line":84,"column":55}},"type":"if","locations":[{"start":{"line":84,"column":9},"end":{"line":84,"column":55}},{"start":{"line":84,"column":9},"end":{"line":84,"column":55}}],"line":84},"12":{"loc":{"start":{"line":92,"column":18},"end":{"line":92,"column":61}},"type":"cond-expr","locations":[{"start":{"line":92,"column":49},"end":{"line":92,"column":54}},{"start":{"line":92,"column":57},"end":{"line":92,"column":61}}],"line":92}},"s":{"0":1,"1":1,"2":1,"3":1,"4":1,"5":1,"6":1,"7":16,"8":16,"9":1,"10":16,"11":15,"12":2,"13":1,"14":2,"15":1,"16":15,"17":15,"18":11,"19":9,"20":9,"21":0,"22":2,"23":4,"24":3,"25":3,"26":0,"27":3,"28":3,"29":8,"30":8,"31":0,"32":3,"33":3,"34":5,"35":1,"36":1,"37":9,"38":9,"39":9,"40":0,"41":9,"42":401,"43":9,"44":401,"45":9,"46":7,"47":58,"48":9,"49":2,"50":2,"51":1,"52":1,"53":7,"54":1,"55":4,"56":4,"57":4,"58":10,"59":7,"60":7,"61":7,"62":3,"63":3,"64":3,"65":4,"66":4,"67":1,"68":17,"69":17,"70":16,"71":12,"72":4,"73":4,"74":1,"75":1,"76":13,"77":13,"78":1,"79":2,"80":6,"81":6,"82":1,"83":405,"84":405,"85":405,"86":405,"87":405,"88":405,"89":405,"90":67,"91":405,"92":1,"93":1,"94":405,"95":405,"96":1},"f":{"0":16,"1":16,"2":9,"3":0,"4":8,"5":8,"6":0,"7":3,"8":5,"9":9,"10":9,"11":401,"12":401,"13":58,"14":2,"15":4,"16":4,"17":10,"18":7,"19":3,"20":4,"21":17,"22":13,"23":2,"24":6,"25":6,"26":405,"27":67,"28":1},"b":{"0":[1,15],"1":[2,13],"2":[1,1],"3":[1,1],"4":[11,4],"5":[9,2],"6":[3,1],"7":[7,2],"8":[2,7],"9":[1,1],"10":[12,4],"11":[4,0],"12":[3,10]},"_coverageSchema":"332fd63041d2c1bcb487cc26dd0d5f7d97098a6c","hash":"045721b15bffef090b9350d7088f152bd280e7f9"}
}
