{"/home/laboratoria/proyectos/scl-2018-01-FE-markdown/md-links.js": {"path":"/home/laboratoria/proyectos/scl-2018-01-FE-markdown/md-links.js","statementMap":{"0":{"start":{"line":1,"column":15},"end":{"line":1,"column":32}},"1":{"start":{"line":2,"column":11},"end":{"line":2,"column":24}},"2":{"start":{"line":3,"column":14},"end":{"line":3,"column":35}},"3":{"start":{"line":4,"column":17},"end":{"line":4,"column":32}},"4":{"start":{"line":5,"column":15},"end":{"line":5,"column":28}},"5":{"start":{"line":6,"column":14},"end":{"line":6,"column":16}},"6":{"start":{"line":8,"column":0},"end":{"line":40,"column":2}},"7":{"start":{"line":9,"column":2},"end":{"line":39,"column":5}},"8":{"start":{"line":10,"column":4},"end":{"line":10,"column":57}},"9":{"start":{"line":10,"column":15},"end":{"line":10,"column":57}},"10":{"start":{"line":11,"column":4},"end":{"line":11,"column":34}},"11":{"start":{"line":12,"column":4},"end":{"line":15,"column":5}},"12":{"start":{"line":13,"column":6},"end":{"line":13,"column":44}},"13":{"start":{"line":13,"column":28},"end":{"line":13,"column":44}},"14":{"start":{"line":14,"column":6},"end":{"line":14,"column":55}},"15":{"start":{"line":14,"column":25},"end":{"line":14,"column":55}},"16":{"start":{"line":16,"column":26},"end":{"line":16,"column":65}},"17":{"start":{"line":17,"column":4},"end":{"line":38,"column":5}},"18":{"start":{"line":18,"column":6},"end":{"line":21,"column":25}},"19":{"start":{"line":19,"column":8},"end":{"line":20,"column":37}},"20":{"start":{"line":19,"column":51},"end":{"line":19,"column":68}},"21":{"start":{"line":20,"column":24},"end":{"line":20,"column":35}},"22":{"start":{"line":21,"column":13},"end":{"line":21,"column":25}},"23":{"start":{"line":22,"column":11},"end":{"line":38,"column":5}},"24":{"start":{"line":24,"column":6},"end":{"line":28,"column":7}},"25":{"start":{"line":25,"column":8},"end":{"line":25,"column":45}},"26":{"start":{"line":27,"column":8},"end":{"line":27,"column":20}},"27":{"start":{"line":29,"column":21},"end":{"line":29,"column":23}},"28":{"start":{"line":30,"column":6},"end":{"line":33,"column":9}},"29":{"start":{"line":31,"column":8},"end":{"line":32,"column":38}},"30":{"start":{"line":31,"column":74},"end":{"line":31,"column":82}},"31":{"start":{"line":32,"column":24},"end":{"line":32,"column":35}},"32":{"start":{"line":34,"column":6},"end":{"line":34,"column":106}},"33":{"start":{"line":34,"column":43},"end":{"line":34,"column":104}},"34":{"start":{"line":34,"column":83},"end":{"line":34,"column":102}},"35":{"start":{"line":37,"column":6},"end":{"line":37,"column":18}},"36":{"start":{"line":41,"column":0},"end":{"line":56,"column":2}},"37":{"start":{"line":42,"column":2},"end":{"line":55,"column":5}},"38":{"start":{"line":43,"column":15},"end":{"line":43,"column":56}},"39":{"start":{"line":44,"column":16},"end":{"line":44,"column":108}},"40":{"start":{"line":44,"column":36},"end":{"line":44,"column":107}},"41":{"start":{"line":45,"column":4},"end":{"line":45,"column":58}},"42":{"start":{"line":45,"column":36},"end":{"line":45,"column":56}},"43":{"start":{"line":46,"column":4},"end":{"line":46,"column":88}},"44":{"start":{"line":46,"column":28},"end":{"line":46,"column":88}},"45":{"start":{"line":46,"column":67},"end":{"line":46,"column":86}},"46":{"start":{"line":47,"column":4},"end":{"line":54,"column":26}},"47":{"start":{"line":48,"column":6},"end":{"line":53,"column":9}},"48":{"start":{"line":49,"column":8},"end":{"line":52,"column":11}},"49":{"start":{"line":50,"column":10},"end":{"line":51,"column":31}},"50":{"start":{"line":50,"column":21},"end":{"line":50,"column":52}},"51":{"start":{"line":51,"column":15},"end":{"line":51,"column":31}},"52":{"start":{"line":54,"column":11},"end":{"line":54,"column":26}},"53":{"start":{"line":57,"column":0},"end":{"line":75,"column":2}},"54":{"start":{"line":58,"column":2},"end":{"line":74,"column":5}},"55":{"start":{"line":59,"column":19},"end":{"line":59,"column":21}},"56":{"start":{"line":60,"column":4},"end":{"line":73,"column":7}},"57":{"start":{"line":61,"column":6},"end":{"line":71,"column":8}},"58":{"start":{"line":63,"column":10},"end":{"line":63,"column":35}},"59":{"start":{"line":64,"column":10},"end":{"line":64,"column":35}},"60":{"start":{"line":65,"column":10},"end":{"line":65,"column":22}},"61":{"start":{"line":67,"column":10},"end":{"line":67,"column":31}},"62":{"start":{"line":68,"column":10},"end":{"line":68,"column":27}},"63":{"start":{"line":69,"column":10},"end":{"line":69,"column":22}},"64":{"start":{"line":72,"column":6},"end":{"line":72,"column":24}},"65":{"start":{"line":76,"column":0},"end":{"line":84,"column":2}},"66":{"start":{"line":77,"column":2},"end":{"line":83,"column":3}},"67":{"start":{"line":78,"column":16},"end":{"line":78,"column":33}},"68":{"start":{"line":79,"column":4},"end":{"line":80,"column":55}},"69":{"start":{"line":79,"column":24},"end":{"line":79,"column":40}},"70":{"start":{"line":80,"column":9},"end":{"line":80,"column":55}},"71":{"start":{"line":80,"column":34},"end":{"line":80,"column":55}},"72":{"start":{"line":82,"column":4},"end":{"line":82,"column":46}},"73":{"start":{"line":86,"column":0},"end":{"line":89,"column":2}},"74":{"start":{"line":87,"column":25},"end":{"line":87,"column":35}},"75":{"start":{"line":88,"column":2},"end":{"line":88,"column":62}},"76":{"start":{"line":90,"column":0},"end":{"line":95,"column":2}},"77":{"start":{"line":91,"column":2},"end":{"line":94,"column":5}},"78":{"start":{"line":92,"column":29},"end":{"line":92,"column":45}},"79":{"start":{"line":93,"column":32},"end":{"line":93,"column":50}},"80":{"start":{"line":96,"column":0},"end":{"line":126,"column":2}},"81":{"start":{"line":97,"column":16},"end":{"line":97,"column":18}},"82":{"start":{"line":98,"column":19},"end":{"line":98,"column":40}},"83":{"start":{"line":99,"column":35},"end":{"line":99,"column":286}},"84":{"start":{"line":101,"column":2},"end":{"line":101,"column":66}},"85":{"start":{"line":102,"column":2},"end":{"line":102,"column":63}},"86":{"start":{"line":103,"column":2},"end":{"line":103,"column":66}},"87":{"start":{"line":105,"column":2},"end":{"line":112,"column":4}},"88":{"start":{"line":106,"column":4},"end":{"line":111,"column":7}},"89":{"start":{"line":113,"column":2},"end":{"line":122,"column":4}},"90":{"start":{"line":115,"column":4},"end":{"line":115,"column":46}},"91":{"start":{"line":116,"column":4},"end":{"line":121,"column":7}},"92":{"start":{"line":123,"column":2},"end":{"line":123,"column":43}},"93":{"start":{"line":125,"column":2},"end":{"line":125,"column":15}},"94":{"start":{"line":127,"column":0},"end":{"line":127,"column":25}}},"fnMap":{"0":{"name":"(anonymous_0)","decl":{"start":{"line":8,"column":18},"end":{"line":8,"column":19}},"loc":{"start":{"line":8,"column":37},"end":{"line":40,"column":1}},"line":8},"1":{"name":"(anonymous_1)","decl":{"start":{"line":9,"column":21},"end":{"line":9,"column":22}},"loc":{"start":{"line":9,"column":42},"end":{"line":39,"column":3}},"line":9},"2":{"name":"(anonymous_2)","decl":{"start":{"line":19,"column":39},"end":{"line":19,"column":40}},"loc":{"start":{"line":19,"column":51},"end":{"line":19,"column":68}},"line":19},"3":{"name":"(anonymous_3)","decl":{"start":{"line":20,"column":17},"end":{"line":20,"column":18}},"loc":{"start":{"line":20,"column":24},"end":{"line":20,"column":35}},"line":20},"4":{"name":"(anonymous_4)","decl":{"start":{"line":30,"column":20},"end":{"line":30,"column":21}},"loc":{"start":{"line":30,"column":28},"end":{"line":33,"column":7}},"line":30},"5":{"name":"(anonymous_5)","decl":{"start":{"line":31,"column":62},"end":{"line":31,"column":63}},"loc":{"start":{"line":31,"column":74},"end":{"line":31,"column":82}},"line":31},"6":{"name":"(anonymous_6)","decl":{"start":{"line":32,"column":17},"end":{"line":32,"column":18}},"loc":{"start":{"line":32,"column":24},"end":{"line":32,"column":35}},"line":32},"7":{"name":"(anonymous_7)","decl":{"start":{"line":34,"column":33},"end":{"line":34,"column":34}},"loc":{"start":{"line":34,"column":43},"end":{"line":34,"column":104}},"line":34},"8":{"name":"(anonymous_8)","decl":{"start":{"line":34,"column":65},"end":{"line":34,"column":66}},"loc":{"start":{"line":34,"column":83},"end":{"line":34,"column":102}},"line":34},"9":{"name":"(anonymous_9)","decl":{"start":{"line":41,"column":22},"end":{"line":41,"column":23}},"loc":{"start":{"line":41,"column":32},"end":{"line":56,"column":1}},"line":41},"10":{"name":"(anonymous_10)","decl":{"start":{"line":42,"column":21},"end":{"line":42,"column":22}},"loc":{"start":{"line":42,"column":42},"end":{"line":55,"column":3}},"line":42},"11":{"name":"(anonymous_11)","decl":{"start":{"line":44,"column":25},"end":{"line":44,"column":26}},"loc":{"start":{"line":44,"column":36},"end":{"line":44,"column":107}},"line":44},"12":{"name":"(anonymous_12)","decl":{"start":{"line":45,"column":25},"end":{"line":45,"column":26}},"loc":{"start":{"line":45,"column":36},"end":{"line":45,"column":56}},"line":45},"13":{"name":"(anonymous_13)","decl":{"start":{"line":46,"column":49},"end":{"line":46,"column":50}},"loc":{"start":{"line":46,"column":67},"end":{"line":46,"column":86}},"line":46},"14":{"name":"(anonymous_14)","decl":{"start":{"line":48,"column":38},"end":{"line":48,"column":39}},"loc":{"start":{"line":48,"column":49},"end":{"line":53,"column":7}},"line":48},"15":{"name":"(anonymous_15)","decl":{"start":{"line":49,"column":33},"end":{"line":49,"column":34}},"loc":{"start":{"line":49,"column":44},"end":{"line":52,"column":9}},"line":49},"16":{"name":"(anonymous_16)","decl":{"start":{"line":57,"column":22},"end":{"line":57,"column":23}},"loc":{"start":{"line":57,"column":32},"end":{"line":75,"column":1}},"line":57},"17":{"name":"(anonymous_17)","decl":{"start":{"line":58,"column":21},"end":{"line":58,"column":22}},"loc":{"start":{"line":58,"column":42},"end":{"line":74,"column":3}},"line":58},"18":{"name":"(anonymous_18)","decl":{"start":{"line":60,"column":18},"end":{"line":60,"column":19}},"loc":{"start":{"line":60,"column":26},"end":{"line":73,"column":5}},"line":60},"19":{"name":"(anonymous_19)","decl":{"start":{"line":62,"column":14},"end":{"line":62,"column":15}},"loc":{"start":{"line":62,"column":21},"end":{"line":66,"column":9}},"line":62},"20":{"name":"(anonymous_20)","decl":{"start":{"line":66,"column":17},"end":{"line":66,"column":18}},"loc":{"start":{"line":66,"column":23},"end":{"line":70,"column":9}},"line":66},"21":{"name":"(anonymous_21)","decl":{"start":{"line":76,"column":36},"end":{"line":76,"column":37}},"loc":{"start":{"line":76,"column":46},"end":{"line":84,"column":1}},"line":76},"22":{"name":"(anonymous_22)","decl":{"start":{"line":86,"column":29},"end":{"line":86,"column":30}},"loc":{"start":{"line":86,"column":39},"end":{"line":89,"column":1}},"line":86},"23":{"name":"(anonymous_23)","decl":{"start":{"line":90,"column":16},"end":{"line":90,"column":17}},"loc":{"start":{"line":90,"column":25},"end":{"line":95,"column":1}},"line":90},"24":{"name":"(anonymous_24)","decl":{"start":{"line":92,"column":21},"end":{"line":92,"column":22}},"loc":{"start":{"line":92,"column":29},"end":{"line":92,"column":45}},"line":92},"25":{"name":"(anonymous_25)","decl":{"start":{"line":93,"column":24},"end":{"line":93,"column":25}},"loc":{"start":{"line":93,"column":32},"end":{"line":93,"column":50}},"line":93},"26":{"name":"(anonymous_26)","decl":{"start":{"line":96,"column":32},"end":{"line":96,"column":33}},"loc":{"start":{"line":96,"column":58},"end":{"line":126,"column":1}},"line":96},"27":{"name":"(anonymous_27)","decl":{"start":{"line":105,"column":18},"end":{"line":105,"column":19}},"loc":{"start":{"line":105,"column":46},"end":{"line":112,"column":3}},"line":105},"28":{"name":"(anonymous_28)","decl":{"start":{"line":113,"column":19},"end":{"line":113,"column":20}},"loc":{"start":{"line":113,"column":47},"end":{"line":122,"column":3}},"line":113}},"branchMap":{"0":{"loc":{"start":{"line":10,"column":4},"end":{"line":10,"column":57}},"type":"if","locations":[{"start":{"line":10,"column":4},"end":{"line":10,"column":57}},{"start":{"line":10,"column":4},"end":{"line":10,"column":57}}],"line":10},"1":{"loc":{"start":{"line":12,"column":4},"end":{"line":15,"column":5}},"type":"if","locations":[{"start":{"line":12,"column":4},"end":{"line":15,"column":5}},{"start":{"line":12,"column":4},"end":{"line":15,"column":5}}],"line":12},"2":{"loc":{"start":{"line":13,"column":6},"end":{"line":13,"column":44}},"type":"if","locations":[{"start":{"line":13,"column":6},"end":{"line":13,"column":44}},{"start":{"line":13,"column":6},"end":{"line":13,"column":44}}],"line":13},"3":{"loc":{"start":{"line":14,"column":6},"end":{"line":14,"column":55}},"type":"if","locations":[{"start":{"line":14,"column":6},"end":{"line":14,"column":55}},{"start":{"line":14,"column":6},"end":{"line":14,"column":55}}],"line":14},"4":{"loc":{"start":{"line":17,"column":4},"end":{"line":38,"column":5}},"type":"if","locations":[{"start":{"line":17,"column":4},"end":{"line":38,"column":5}},{"start":{"line":17,"column":4},"end":{"line":38,"column":5}}],"line":17},"5":{"loc":{"start":{"line":18,"column":6},"end":{"line":21,"column":25}},"type":"if","locations":[{"start":{"line":18,"column":6},"end":{"line":21,"column":25}},{"start":{"line":18,"column":6},"end":{"line":21,"column":25}}],"line":18},"6":{"loc":{"start":{"line":22,"column":11},"end":{"line":38,"column":5}},"type":"if","locations":[{"start":{"line":22,"column":11},"end":{"line":38,"column":5}},{"start":{"line":22,"column":11},"end":{"line":38,"column":5}}],"line":22},"7":{"loc":{"start":{"line":46,"column":4},"end":{"line":46,"column":88}},"type":"if","locations":[{"start":{"line":46,"column":4},"end":{"line":46,"column":88}},{"start":{"line":46,"column":4},"end":{"line":46,"column":88}}],"line":46},"8":{"loc":{"start":{"line":47,"column":4},"end":{"line":54,"column":26}},"type":"if","locations":[{"start":{"line":47,"column":4},"end":{"line":54,"column":26}},{"start":{"line":47,"column":4},"end":{"line":54,"column":26}}],"line":47},"9":{"loc":{"start":{"line":50,"column":10},"end":{"line":51,"column":31}},"type":"if","locations":[{"start":{"line":50,"column":10},"end":{"line":51,"column":31}},{"start":{"line":50,"column":10},"end":{"line":51,"column":31}}],"line":50},"10":{"loc":{"start":{"line":79,"column":4},"end":{"line":80,"column":55}},"type":"if","locations":[{"start":{"line":79,"column":4},"end":{"line":80,"column":55}},{"start":{"line":79,"column":4},"end":{"line":80,"column":55}}],"line":79},"11":{"loc":{"start":{"line":80,"column":9},"end":{"line":80,"column":55}},"type":"if","locations":[{"start":{"line":80,"column":9},"end":{"line":80,"column":55}},{"start":{"line":80,"column":9},"end":{"line":80,"column":55}}],"line":80},"12":{"loc":{"start":{"line":88,"column":18},"end":{"line":88,"column":61}},"type":"cond-expr","locations":[{"start":{"line":88,"column":49},"end":{"line":88,"column":54}},{"start":{"line":88,"column":57},"end":{"line":88,"column":61}}],"line":88}},"s":{"0":1,"1":1,"2":1,"3":1,"4":1,"5":1,"6":1,"7":5,"8":5,"9":1,"10":5,"11":4,"12":0,"13":0,"14":0,"15":0,"16":4,"17":4,"18":3,"19":2,"20":2,"21":0,"22":1,"23":1,"24":0,"25":0,"26":0,"27":0,"28":0,"29":0,"30":0,"31":0,"32":0,"33":0,"34":0,"35":1,"36":1,"37":2,"38":2,"39":2,"40":8,"41":2,"42":8,"43":2,"44":1,"45":3,"46":2,"47":0,"48":0,"49":0,"50":0,"51":0,"52":2,"53":1,"54":0,"55":0,"56":0,"57":0,"58":0,"59":0,"60":0,"61":0,"62":0,"63":0,"64":0,"65":1,"66":6,"67":6,"68":5,"69":4,"70":1,"71":1,"72":1,"73":1,"74":5,"75":5,"76":1,"77":1,"78":2,"79":2,"80":1,"81":10,"82":10,"83":10,"84":10,"85":10,"86":10,"87":10,"88":5,"89":10,"90":0,"91":0,"92":10,"93":10,"94":1},"f":{"0":5,"1":5,"2":2,"3":0,"4":0,"5":0,"6":0,"7":0,"8":0,"9":2,"10":2,"11":8,"12":8,"13":3,"14":0,"15":0,"16":0,"17":0,"18":0,"19":0,"20":0,"21":6,"22":5,"23":1,"24":2,"25":2,"26":10,"27":5,"28":0},"b":{"0":[1,4],"1":[0,4],"2":[0,0],"3":[0,0],"4":[3,1],"5":[2,1],"6":[0,1],"7":[1,1],"8":[0,2],"9":[0,0],"10":[4,1],"11":[1,0],"12":[2,3]},"_coverageSchema":"332fd63041d2c1bcb487cc26dd0d5f7d97098a6c","hash":"e988da1cdeaf6b62fffe9e5f3df75f1c334dde62"}
}
