TN:
SF:/home/laboratoria/proyectos/scl-2018-01-FE-markdown/md-links.js
FN:8,(anonymous_0)
FN:9,(anonymous_1)
FN:19,(anonymous_2)
FN:20,(anonymous_3)
FN:30,(anonymous_4)
FN:31,(anonymous_5)
FN:32,(anonymous_6)
FN:34,(anonymous_7)
FN:34,(anonymous_8)
FN:41,(anonymous_9)
FN:42,(anonymous_10)
FN:44,(anonymous_11)
FN:45,(anonymous_12)
FN:46,(anonymous_13)
FN:48,(anonymous_14)
FN:49,(anonymous_15)
FN:57,(anonymous_16)
FN:58,(anonymous_17)
FN:60,(anonymous_18)
FN:62,(anonymous_19)
FN:66,(anonymous_20)
FN:76,(anonymous_21)
FN:86,(anonymous_22)
FN:90,(anonymous_23)
FN:92,(anonymous_24)
FN:93,(anonymous_25)
FN:96,(anonymous_26)
FN:105,(anonymous_27)
FN:113,(anonymous_28)
FNF:29
FNH:15
FNDA:5,(anonymous_0)
FNDA:5,(anonymous_1)
FNDA:2,(anonymous_2)
FNDA:0,(anonymous_3)
FNDA:0,(anonymous_4)
FNDA:0,(anonymous_5)
FNDA:0,(anonymous_6)
FNDA:0,(anonymous_7)
FNDA:0,(anonymous_8)
FNDA:2,(anonymous_9)
FNDA:2,(anonymous_10)
FNDA:8,(anonymous_11)
FNDA:8,(anonymous_12)
FNDA:3,(anonymous_13)
FNDA:0,(anonymous_14)
FNDA:0,(anonymous_15)
FNDA:0,(anonymous_16)
FNDA:0,(anonymous_17)
FNDA:0,(anonymous_18)
FNDA:0,(anonymous_19)
FNDA:0,(anonymous_20)
FNDA:6,(anonymous_21)
FNDA:5,(anonymous_22)
FNDA:1,(anonymous_23)
FNDA:2,(anonymous_24)
FNDA:2,(anonymous_25)
FNDA:10,(anonymous_26)
FNDA:5,(anonymous_27)
FNDA:0,(anonymous_28)
DA:1,1
DA:2,1
DA:3,1
DA:4,1
DA:5,1
DA:6,1
DA:8,1
DA:9,5
DA:10,5
DA:11,5
DA:12,4
DA:13,0
DA:14,0
DA:16,4
DA:17,4
DA:18,3
DA:19,2
DA:20,0
DA:21,1
DA:22,1
DA:24,0
DA:25,0
DA:27,0
DA:29,0
DA:30,0
DA:31,0
DA:32,0
DA:34,0
DA:37,1
DA:41,1
DA:42,2
DA:43,2
DA:44,8
DA:45,8
DA:46,3
DA:47,2
DA:48,0
DA:49,0
DA:50,0
DA:51,0
DA:54,2
DA:57,1
DA:58,0
DA:59,0
DA:60,0
DA:61,0
DA:63,0
DA:64,0
DA:65,0
DA:67,0
DA:68,0
DA:69,0
DA:72,0
DA:76,1
DA:77,6
DA:78,6
DA:79,5
DA:80,1
DA:82,1
DA:86,1
DA:87,5
DA:88,5
DA:90,1
DA:91,1
DA:92,2
DA:93,2
DA:96,1
DA:97,10
DA:98,10
DA:99,10
DA:101,10
DA:102,10
DA:103,10
DA:105,10
DA:106,5
DA:113,10
DA:115,0
DA:116,0
DA:123,10
DA:125,10
DA:127,1
LF:81
LH:53
BRDA:10,0,0,1
BRDA:10,0,1,4
BRDA:12,1,0,0
BRDA:12,1,1,4
BRDA:13,2,0,0
BRDA:13,2,1,0
BRDA:14,3,0,0
BRDA:14,3,1,0
BRDA:17,4,0,3
BRDA:17,4,1,1
BRDA:18,5,0,2
BRDA:18,5,1,1
BRDA:22,6,0,0
BRDA:22,6,1,1
BRDA:46,7,0,1
BRDA:46,7,1,1
BRDA:47,8,0,0
BRDA:47,8,1,2
BRDA:50,9,0,0
BRDA:50,9,1,0
BRDA:79,10,0,4
BRDA:79,10,1,1
BRDA:80,11,0,1
BRDA:80,11,1,0
BRDA:88,12,0,2
BRDA:88,12,1,3
BRF:26
BRH:16
end_of_record
