TN:
SF:/home/laboratoria/proyectos/scl-2018-01-FE-markdown/md-links.js
FN:8,(anonymous_0)
FN:9,(anonymous_1)
FN:19,(anonymous_2)
FN:20,(anonymous_3)
FN:30,(anonymous_4)
FN:31,(anonymous_5)
FN:32,(anonymous_6)
FN:34,(anonymous_7)
FN:34,(anonymous_8)
FN:40,(anonymous_9)
FN:41,(anonymous_10)
FN:48,(anonymous_11)
FN:49,(anonymous_12)
FN:50,(anonymous_13)
FN:52,(anonymous_14)
FN:59,(anonymous_15)
FN:60,(anonymous_16)
FN:62,(anonymous_17)
FN:64,(anonymous_18)
FN:68,(anonymous_19)
FN:75,(anonymous_20)
FN:80,(anonymous_21)
FN:90,(anonymous_22)
FN:94,(anonymous_23)
FN:96,(anonymous_24)
FN:97,(anonymous_25)
FN:100,(anonymous_26)
FN:109,(anonymous_27)
FN:117,(anonymous_28)
FNF:29
FNH:27
FNDA:16,(anonymous_0)
FNDA:16,(anonymous_1)
FNDA:9,(anonymous_2)
FNDA:0,(anonymous_3)
FNDA:8,(anonymous_4)
FNDA:8,(anonymous_5)
FNDA:0,(anonymous_6)
FNDA:3,(anonymous_7)
FNDA:5,(anonymous_8)
FNDA:9,(anonymous_9)
FNDA:9,(anonymous_10)
FNDA:401,(anonymous_11)
FNDA:401,(anonymous_12)
FNDA:58,(anonymous_13)
FNDA:2,(anonymous_14)
FNDA:4,(anonymous_15)
FNDA:4,(anonymous_16)
FNDA:10,(anonymous_17)
FNDA:7,(anonymous_18)
FNDA:3,(anonymous_19)
FNDA:4,(anonymous_20)
FNDA:17,(anonymous_21)
FNDA:13,(anonymous_22)
FNDA:2,(anonymous_23)
FNDA:6,(anonymous_24)
FNDA:6,(anonymous_25)
FNDA:405,(anonymous_26)
FNDA:67,(anonymous_27)
FNDA:1,(anonymous_28)
DA:1,1
DA:2,1
DA:3,1
DA:4,1
DA:5,1
DA:6,1
DA:8,1
DA:9,16
DA:10,16
DA:11,16
DA:12,15
DA:13,2
DA:14,2
DA:16,15
DA:17,15
DA:18,11
DA:19,9
DA:20,0
DA:21,2
DA:22,4
DA:24,3
DA:25,3
DA:27,0
DA:29,3
DA:30,3
DA:31,8
DA:32,0
DA:34,5
DA:36,1
DA:40,1
DA:41,9
DA:43,9
DA:44,9
DA:46,0
DA:48,401
DA:49,401
DA:50,58
DA:51,9
DA:52,2
DA:53,2
DA:54,1
DA:56,7
DA:59,1
DA:60,4
DA:61,4
DA:62,4
DA:63,10
DA:65,7
DA:66,7
DA:67,7
DA:69,3
DA:70,3
DA:71,3
DA:75,4
DA:76,4
DA:80,1
DA:81,17
DA:82,17
DA:83,16
DA:84,4
DA:86,1
DA:90,1
DA:91,13
DA:92,13
DA:94,1
DA:95,2
DA:96,6
DA:97,6
DA:100,1
DA:101,405
DA:102,405
DA:103,405
DA:105,405
DA:106,405
DA:107,405
DA:109,405
DA:110,67
DA:117,405
DA:119,1
DA:120,1
DA:127,405
DA:129,405
DA:131,1
LF:83
LH:79
BRDA:10,0,0,1
BRDA:10,0,1,15
BRDA:12,1,0,2
BRDA:12,1,1,13
BRDA:13,2,0,1
BRDA:13,2,1,1
BRDA:14,3,0,1
BRDA:14,3,1,1
BRDA:17,4,0,11
BRDA:17,4,1,4
BRDA:18,5,0,9
BRDA:18,5,1,2
BRDA:22,6,0,3
BRDA:22,6,1,1
BRDA:50,7,0,7
BRDA:50,7,1,2
BRDA:51,8,0,2
BRDA:51,8,1,7
BRDA:53,9,0,1
BRDA:53,9,1,1
BRDA:83,10,0,12
BRDA:83,10,1,4
BRDA:84,11,0,4
BRDA:84,11,1,0
BRDA:92,12,0,3
BRDA:92,12,1,10
BRF:26
BRH:25
end_of_record
